drivelog-android/app/build/intermediates/manifest_merge_blame_file/debug/manifest-merger-blame-debug-report.txt
1<?xml version="1.0" encoding="utf-8"?>
2<manifest xmlns:android="http://schemas.android.com/apk/res/android"
3    package="com.drivelog.app"
4    android:versionCode="1"
5    android:versionName="1.0.0" >
6
7    <uses-sdk
8        android:minSdkVersion="24"
9        android:targetSdkVersion="34" />
10
11    <uses-permission android:name="android.permission.INTERNET" />
11-->src\main\AndroidManifest.xml:4:5-67
11-->src\main\AndroidManifest.xml:4:22-64
12
13    <queries>
13-->[com.google.androidbrowserhelper:androidbrowserhelper:2.5.0] AndroidManifest.xml:26:5-34:15
14        <intent>
14-->[com.google.androidbrowserhelper:androidbrowserhelper:2.5.0] AndroidManifest.xml:27:9-33:18
15            <action android:name="android.intent.action.VIEW" />
15-->[com.google.androidbrowserhelper:androidbrowserhelper:2.5.0] AndroidManifest.xml:28:13-65
15-->[com.google.androidbrowserhelper:androidbrowserhelper:2.5.0] AndroidManifest.xml:28:21-62
16
17            <category android:name="android.intent.category.BROWSABLE" />
17-->[com.google.androidbrowserhelper:androidbrowserhelper:2.5.0] AndroidManifest.xml:30:13-74
17-->[com.google.androidbrowserhelper:androidbrowserhelper:2.5.0] AndroidManifest.xml:30:23-71
18
19            <data android:scheme="https" />
19-->[com.google.androidbrowserhelper:androidbrowserhelper:2.5.0] AndroidManifest.xml:32:13-44
19-->[com.google.androidbrowserhelper:androidbrowserhelper:2.5.0] AndroidManifest.xml:32:19-41
20        </intent>
21    </queries>
22
23    <permission
23-->[androidx.core:core:1.9.0] AndroidManifest.xml:22:5-24:47
24        android:name="com.drivelog.app.DYNAMIC_RECEIVER_NOT_EXPORTED_PERMISSION"
24-->[androidx.core:core:1.9.0] AndroidManifest.xml:23:9-81
25        android:protectionLevel="signature" />
25-->[androidx.core:core:1.9.0] AndroidManifest.xml:24:9-44
26
27    <uses-permission android:name="com.drivelog.app.DYNAMIC_RECEIVER_NOT_EXPORTED_PERMISSION" />
27-->[androidx.core:core:1.9.0] AndroidManifest.xml:26:5-97
27-->[androidx.core:core:1.9.0] AndroidManifest.xml:26:22-94
28
29    <application
29-->src\main\AndroidManifest.xml:6:5-37:19
30        android:allowBackup="true"
30-->src\main\AndroidManifest.xml:7:9-35
31        android:appComponentFactory="androidx.core.app.CoreComponentFactory"
31-->[androidx.core:core:1.9.0] AndroidManifest.xml:28:18-86
32        android:debuggable="true"
33        android:extractNativeLibs="false"
34        android:icon="@mipmap/ic_launcher"
34-->src\main\AndroidManifest.xml:8:9-43
35        android:label="DriveLog"
35-->src\main\AndroidManifest.xml:9:9-33
36        android:supportsRtl="true"
36-->src\main\AndroidManifest.xml:10:9-35
37        android:theme="@style/Theme.DriveLog" >
37-->src\main\AndroidManifest.xml:11:9-46
38        <activity
38-->src\main\AndroidManifest.xml:13:9-25:20
39            android:name="com.google.androidbrowserhelper.trusted.LauncherActivity"
39-->src\main\AndroidManifest.xml:14:13-84
40            android:exported="true" >
40-->src\main\AndroidManifest.xml:15:13-36
41            <meta-data
41-->src\main\AndroidManifest.xml:17:13-19:74
42                android:name="android.support.customtabs.trusted.DEFAULT_URL"
42-->src\main\AndroidManifest.xml:18:17-78
43                android:value="https://rnfkehdwk.synology.me:38443/m/" />
43-->src\main\AndroidManifest.xml:19:17-71
44
45            <intent-filter>
45-->src\main\AndroidManifest.xml:21:13-24:29
46                <action android:name="android.intent.action.MAIN" />
46-->src\main\AndroidManifest.xml:22:17-69
46-->src\main\AndroidManifest.xml:22:25-66
47
48                <category android:name="android.intent.category.LAUNCHER" />
48-->src\main\AndroidManifest.xml:23:17-77
48-->src\main\AndroidManifest.xml:23:27-74
49            </intent-filter>
50        </activity>
51
52        <service
52-->src\main\AndroidManifest.xml:27:9-35:19
53            android:name="com.google.androidbrowserhelper.trusted.TwaProviderService"
53-->src\main\AndroidManifest.xml:28:13-86
54            android:enabled="true"
54-->src\main\AndroidManifest.xml:29:13-35
55            android:exported="true" >
55-->src\main\AndroidManifest.xml:30:13-36
56            <intent-filter>
56-->src\main\AndroidManifest.xml:31:13-34:29
57                <action android:name="android.support.customtabs.trusted.TRUSTED_WEB_ACTIVITY_SERVICE" />
57-->src\main\AndroidManifest.xml:32:17-106
57-->src\main\AndroidManifest.xml:32:25-103
58
59                <category android:name="android.intent.category.DEFAULT" />
59-->src\main\AndroidManifest.xml:33:17-76
59-->src\main\AndroidManifest.xml:33:27-73
60            </intent-filter>
61        </service>
62
63        <provider
63-->[androidx.emoji2:emoji2:1.2.0] AndroidManifest.xml:24:9-32:20
64            android:name="androidx.startup.InitializationProvider"
64-->[androidx.emoji2:emoji2:1.2.0] AndroidManifest.xml:25:13-67
65            android:authorities="com.drivelog.app.androidx-startup"
65-->[androidx.emoji2:emoji2:1.2.0] AndroidManifest.xml:26:13-68
66            android:exported="false" >
66-->[androidx.emoji2:emoji2:1.2.0] AndroidManifest.xml:27:13-37
67            <meta-data
67-->[androidx.emoji2:emoji2:1.2.0] AndroidManifest.xml:29:13-31:52
68                android:name="androidx.emoji2.text.EmojiCompatInitializer"
68-->[androidx.emoji2:emoji2:1.2.0] AndroidManifest.xml:30:17-75
69                android:value="androidx.startup" />
69-->[androidx.emoji2:emoji2:1.2.0] AndroidManifest.xml:31:17-49
70            <meta-data
70-->[androidx.lifecycle:lifecycle-process:2.4.1] AndroidManifest.xml:31:13-33:52
71                android:name="androidx.lifecycle.ProcessLifecycleInitializer"
71-->[androidx.lifecycle:lifecycle-process:2.4.1] AndroidManifest.xml:32:17-78
72                android:value="androidx.startup" />
72-->[androidx.lifecycle:lifecycle-process:2.4.1] AndroidManifest.xml:33:17-49
73        </provider>
74    </application>
75
76</manifest>